19:05:38 **** Build of configuration Debug for project Pthread_debug ****
make all 
Building file: ../src/Pthread_debug.c
Invoking: GCC C Compiler
gcc -O0 -g3 -Wall -c -fmessage-length=0 -MMD -MP -MF"src/Pthread_debug.d" -MT"src/Pthread_debug.o" -o "src/Pthread_debug.o" "../src/Pthread_debug.c"
Finished building: ../src/Pthread_debug.c
 
Building target: Pthread_debug
Invoking: MacOS X C Linker
gcc  -o "Pthread_debug"  ./src/Pthread_debug.o   
Finished building target: Pthread_debug
 
19:06:27 **** Incremental Build of configuration Debug for project Pthread_debug ****
make all 
make: Nothing to be done for `all'.
19:06:36 **** Incremental Build of configuration Debug for project Pthread_debug ****
make all 
make: Nothing to be done for `all'.
19:06:38 **** Incremental Build of configuration Debug for project Pthread_debug ****
make all 
make: Nothing to be done for `all'.
19:07:18 **** Incremental Build of configuration Debug for project Pthread_debug ****
make all 
make: Nothing to be done for `all'.
19:07:19 **** Incremental Build of configuration Debug for project Pthread_debug ****
make all 
make: Nothing to be done for `all'.
19:07:22 **** Incremental Build of configuration Debug for project Pthread_debug ****
make all 
make: Nothing to be done for `all'.
19:07:24 **** Incremental Build of configuration Debug for project Pthread_debug ****
make all 
make: Nothing to be done for `all'.
